<?xml version="1.0" encoding="UTF-8"?>
<!-- Generated by org.testng.reporters.JUnitReportReporter -->
<testsuite skipped="0" hostname="DESKTOP-HKBRM1D" name="test.ExtentReportsDemo" tests="2" failures="0" timestamp="28 Feb 2021 07:40:37 GMT" time="6.002" errors="0">
  <testcase name="test1" time="4.375" classname="test.ExtentReportsDemo"/>
  <testcase name="test1" time="1.627" classname="test.ExtentReportsDemo"/>
</testsuite> <!-- test.ExtentReportsDemo -->
