<?xml version="1.0" encoding="UTF-8"?>
<!-- Generated by org.testng.reporters.JUnitReportReporter -->
<testsuite skipped="0" hostname="DESKTOP-HKBRM1D" name="ExcelUtils.ExcelDataProvider" tests="2" failures="0" timestamp="8 Feb 2021 15:08:52 GMT" time="8.985" errors="0">
  <testcase name="test1" time="6.156" classname="ExcelUtils.ExcelDataProvider"/>
  <testcase name="test1" time="2.829" classname="ExcelUtils.ExcelDataProvider"/>
</testsuite> <!-- ExcelUtils.ExcelDataProvider -->
