<?xml version="1.0" encoding="UTF-8"?>
<!-- Generated by org.testng.reporters.JUnitReportReporter -->
<testsuite skipped="0" hostname="DESKTOP-HKBRM1D" name="test.InvalidLogin" tests="1" failures="0" timestamp="10 Feb 2021 14:54:12 GMT" time="8.140" errors="0">
  <testcase name="googleSearch" time="8.140" classname="test.InvalidLogin"/>
</testsuite> <!-- test.InvalidLogin -->
